# JRE version: OpenJDK Runtime Environment Temurin-17.0.12+7 (17.0.12+7) (build 17.0.12+7)
# Java VM: OpenJDK 64-Bit Server VM Temurin-17.0.12+7 (17.0.12+7, mixed mode, emulated-client, tiered, compressed oops, compressed class ptrs, g1 gc, windows-amd64)
GC Precious Log:
 CPUs: 8 total, 8 available
 Memory: 14213M
 Large Page Support: Disabled
 NUMA Support: Disabled
 Compressed Oops: Enabled (32-bit)
 Heap Region Size: 1M
 Heap Min Capacity: 8M
 Heap Initial Capacity: 224M
 Heap Max Capacity: 1G
 Pre-touch: Disabled
 Parallel Workers: 8
 Concurrent Workers: 2
 Concurrent Refinement Workers: 8
 Periodic GC: Disabled
Heap:
 garbage-first heap   total 103424K, used 38616K [0x00000000c0000000, 0x0000000100000000)
  region size 1024K, 1 young (1024K), 0 survivors (0K)
 Metaspace       used 60670K, committed 61056K, reserved 1114112K
  class space    used 7620K, committed 7808K, reserved 1048576K
GC Heap History (20 events):
Event: 2354.476 GC heap after
{Heap after GC invocations=164 (full 148):
 garbage-first heap   total 103424K, used 38616K [0x00000000c0000000, 0x0000000100000000)
  region size 1024K, 0 young (0K), 0 survivors (0K)
 Metaspace       used 60670K, committed 61056K, reserved 1114112K
  class space    used 7620K, committed 7808K, reserved 1048576K
}
Event: 2364.763 GC heap before
{Heap before GC invocations=164 (full 148):
 garbage-first heap   total 103424K, used 38616K [0x00000000c0000000, 0x0000000100000000)
  region size 1024K, 1 young (1024K), 0 survivors (0K)
 Metaspace       used 60670K, committed 61056K, reserved 1114112K
  class space    used 7620K, committed 7808K, reserved 1048576K
}
Event: 2364.826 GC heap after
{Heap after GC invocations=165 (full 149):
 garbage-first heap   total 103424K, used 38616K [0x00000000c0000000, 0x0000000100000000)
  region size 1024K, 0 young (0K), 0 survivors (0K)
 Metaspace       used 60670K, committed 61056K, reserved 1114112K
  class space    used 7620K, committed 7808K, reserved 1048576K
}
Event: 2375.095 GC heap before
{Heap before GC invocations=165 (full 149):
 garbage-first heap   total 103424K, used 38616K [0x00000000c0000000, 0x0000000100000000)
  region size 1024K, 1 young (1024K), 0 survivors (0K)
 Metaspace       used 60670K, committed 61056K, reserved 1114112K
  class space    used 7620K, committed 7808K, reserved 1048576K
}
Event: 2375.163 GC heap after
{Heap after GC invocations=166 (full 150):
 garbage-first heap   total 103424K, used 38616K [0x00000000c0000000, 0x0000000100000000)
  region size 1024K, 0 young (0K), 0 survivors (0K)
 Metaspace       used 60670K, committed 61056K, reserved 1114112K
  class space    used 7620K, committed 7808K, reserved 1048576K
}
Event: 2385.432 GC heap before
{Heap before GC invocations=166 (full 150):
 garbage-first heap   total 103424K, used 38616K [0x00000000c0000000, 0x0000000100000000)
  region size 1024K, 1 young (1024K), 0 survivors (0K)
 Metaspace       used 60670K, committed 61056K, reserved 1114112K
  class space    used 7620K, committed 7808K, reserved 1048576K
}
Event: 2385.494 GC heap after
{Heap after GC invocations=167 (full 151):
 garbage-first heap   total 103424K, used 38616K [0x00000000c0000000, 0x0000000100000000)
  region size 1024K, 0 young (0K), 0 survivors (0K)
 Metaspace       used 60670K, committed 61056K, reserved 1114112K
  class space    used 7620K, committed 7808K, reserved 1048576K
}
Event: 2395.756 GC heap before
{Heap before GC invocations=167 (full 151):
 garbage-first heap   total 103424K, used 38616K [0x00000000c0000000, 0x0000000100000000)
  region size 1024K, 1 young (1024K), 0 survivors (0K)
 Metaspace       used 60670K, committed 61056K, reserved 1114112K
  class space    used 7620K, committed 7808K, reserved 1048576K
}
Event: 2395.828 GC heap after
{Heap after GC invocations=168 (full 152):
 garbage-first heap   total 103424K, used 38616K [0x00000000c0000000, 0x0000000100000000)
  region size 1024K, 0 young (0K), 0 survivors (0K)
 Metaspace       used 60670K, committed 61056K, reserved 1114112K
  class space    used 7620K, committed 7808K, reserved 1048576K
}
Event: 2406.078 GC heap before
{Heap before GC invocations=168 (full 152):
 garbage-first heap   total 103424K, used 38616K [0x00000000c0000000, 0x0000000100000000)
  region size 1024K, 1 young (1024K), 0 survivors (0K)
 Metaspace       used 60670K, committed 61056K, reserved 1114112K
  class space    used 7620K, committed 7808K, reserved 1048576K
}
Event: 2406.137 GC heap after
{Heap after GC invocations=169 (full 153):
 garbage-first heap   total 103424K, used 38616K [0x00000000c0000000, 0x0000000100000000)
  region size 1024K, 0 young (0K), 0 survivors (0K)
 Metaspace       used 60670K, committed 61056K, reserved 1114112K
  class space    used 7620K, committed 7808K, reserved 1048576K
}
Event: 2416.406 GC heap before
{Heap before GC invocations=169 (full 153):
 garbage-first heap   total 103424K, used 38616K [0x00000000c0000000, 0x0000000100000000)
  region size 1024K, 1 young (1024K), 0 survivors (0K)
 Metaspace       used 60670K, committed 61056K, reserved 1114112K
  class space    used 7620K, committed 7808K, reserved 1048576K
}
Event: 2416.475 GC heap after
{Heap after GC invocations=170 (full 154):
 garbage-first heap   total 103424K, used 38616K [0x00000000c0000000, 0x0000000100000000)
  region size 1024K, 0 young (0K), 0 survivors (0K)
 Metaspace       used 60670K, committed 61056K, reserved 1114112K
  class space    used 7620K, committed 7808K, reserved 1048576K
}
Event: 2426.730 GC heap before
{Heap before GC invocations=170 (full 154):
 garbage-first heap   total 103424K, used 38616K [0x00000000c0000000, 0x0000000100000000)
  region size 1024K, 1 young (1024K), 0 survivors (0K)
 Metaspace       used 60670K, committed 61056K, reserved 1114112K
  class space    used 7620K, committed 7808K, reserved 1048576K
}
Event: 2426.782 GC heap after
{Heap after GC invocations=171 (full 155):
 garbage-first heap   total 103424K, used 38616K [0x00000000c0000000, 0x0000000100000000)
  region size 1024K, 0 young (0K), 0 survivors (0K)
 Metaspace       used 60670K, committed 61056K, reserved 1114112K
  class space    used 7620K, committed 7808K, reserved 1048576K
}
Event: 2437.002 GC heap before
{Heap before GC invocations=171 (full 155):
 garbage-first heap   total 103424K, used 38616K [0x00000000c0000000, 0x0000000100000000)
  region size 1024K, 1 young (1024K), 0 survivors (0K)
 Metaspace       used 60670K, committed 61056K, reserved 1114112K
  class space    used 7620K, committed 7808K, reserved 1048576K
}
Event: 2437.065 GC heap after
{Heap after GC invocations=172 (full 156):
 garbage-first heap   total 103424K, used 38616K [0x00000000c0000000, 0x0000000100000000)
  region size 1024K, 0 young (0K), 0 survivors (0K)
 Metaspace       used 60670K, committed 61056K, reserved 1114112K
  class space    used 7620K, committed 7808K, reserved 1048576K
}
Event: 2447.411 GC heap before
{Heap before GC invocations=172 (full 156):
 garbage-first heap   total 103424K, used 38616K [0x00000000c0000000, 0x0000000100000000)
  region size 1024K, 1 young (1024K), 0 survivors (0K)
 Metaspace       used 60670K, committed 61056K, reserved 1114112K
  class space    used 7620K, committed 7808K, reserved 1048576K
}
Event: 2447.498 GC heap after
{Heap after GC invocations=173 (full 157):
 garbage-first heap   total 103424K, used 38616K [0x00000000c0000000, 0x0000000100000000)
  region size 1024K, 0 young (0K), 0 survivors (0K)
 Metaspace       used 60670K, committed 61056K, reserved 1114112K
  class space    used 7620K, committed 7808K, reserved 1048576K
}
Event: 2457.694 GC heap before
{Heap before GC invocations=173 (full 157):
 garbage-first heap   total 103424K, used 38616K [0x00000000c0000000, 0x0000000100000000)
  region size 1024K, 1 young (1024K), 0 survivors (0K)
 Metaspace       used 60670K, committed 61056K, reserved 1114112K
  class space    used 7620K, committed 7808K, reserved 1048576K
}

