# JRE version: OpenJDK Runtime Environment Temurin-17.0.12+7 (17.0.12+7) (build 17.0.12+7)
# Java VM: OpenJDK 64-Bit Server VM Temurin-17.0.12+7 (17.0.12+7, mixed mode, tiered, compressed oops, compressed class ptrs, parallel gc, windows-amd64)
GC Precious Log:
 CPUs: 8 total, 8 available
 Memory: 14213M
 Large Page Support: Disabled
 NUMA Support: Disabled
 Compressed Oops: Enabled (32-bit)
 Alignments: Space 512K, Generation 512K, Heap 2M
 Heap Min Capacity: 100M
 Heap Initial Capacity: 100M
 Heap Max Capacity: 1G
 Pre-touch: Disabled
 Parallel Workers: 8
Heap:
 PSYoungGen      total 23040K, used 6212K [0x00000000eab00000, 0x00000000ec480000, 0x0000000100000000)
  eden space 22016K, 24% used [0x00000000eab00000,0x00000000eb05b620,0x00000000ec080000)
  from space 1024K, 70% used [0x00000000ec380000,0x00000000ec435a78,0x00000000ec480000)
  to   space 1536K, 0% used [0x00000000ec180000,0x00000000ec180000,0x00000000ec300000)
 ParOldGen       total 68608K, used 19878K [0x00000000c0000000, 0x00000000c4300000, 0x00000000eab00000)
  object space 68608K, 28% used [0x00000000c0000000,0x00000000c13699e0,0x00000000c4300000)
 Metaspace       used 41819K, committed 42688K, reserved 1114112K
  class space    used 4296K, committed 4672K, reserved 1048576K
GC Heap History (20 events):
Event: 7.094 GC heap before
{Heap before GC invocations=7 (full 1):
 PSYoungGen      total 28160K, used 27616K [0x00000000eab00000, 0x00000000eca80000, 0x0000000100000000)
  eden space 25088K, 98% used [0x00000000eab00000,0x00000000ec335938,0x00000000ec380000)
  from space 3072K, 91% used [0x00000000ec400000,0x00000000ec6c2880,0x00000000ec700000)
  to   space 3584K, 0% used [0x00000000ec700000,0x00000000ec700000,0x00000000eca80000)
 ParOldGen       total 68608K, used 6972K [0x00000000c0000000, 0x00000000c4300000, 0x00000000eab00000)
  object space 68608K, 10% used [0x00000000c0000000,0x00000000c06cf210,0x00000000c4300000)
 Metaspace       used 28215K, committed 28736K, reserved 1114112K
  class space    used 2767K, committed 3008K, reserved 1048576K
}
Event: 7.098 GC heap after
{Heap after GC invocations=7 (full 1):
 PSYoungGen      total 27136K, used 2091K [0x00000000eab00000, 0x00000000ec980000, 0x0000000100000000)
  eden space 24576K, 0% used [0x00000000eab00000,0x00000000eab00000,0x00000000ec300000)
  from space 2560K, 81% used [0x00000000ec700000,0x00000000ec90aec8,0x00000000ec980000)
  to   space 2560K, 0% used [0x00000000ec480000,0x00000000ec480000,0x00000000ec700000)
 ParOldGen       total 68608K, used 6980K [0x00000000c0000000, 0x00000000c4300000, 0x00000000eab00000)
  object space 68608K, 10% used [0x00000000c0000000,0x00000000c06d1210,0x00000000c4300000)
 Metaspace       used 28215K, committed 28736K, reserved 1114112K
  class space    used 2767K, committed 3008K, reserved 1048576K
}
Event: 7.856 GC heap before
{Heap before GC invocations=8 (full 1):
 PSYoungGen      total 27136K, used 26667K [0x00000000eab00000, 0x00000000ec980000, 0x0000000100000000)
  eden space 24576K, 100% used [0x00000000eab00000,0x00000000ec300000,0x00000000ec300000)
  from space 2560K, 81% used [0x00000000ec700000,0x00000000ec90aec8,0x00000000ec980000)
  to   space 2560K, 0% used [0x00000000ec480000,0x00000000ec480000,0x00000000ec700000)
 ParOldGen       total 68608K, used 6980K [0x00000000c0000000, 0x00000000c4300000, 0x00000000eab00000)
  object space 68608K, 10% used [0x00000000c0000000,0x00000000c06d1210,0x00000000c4300000)
 Metaspace       used 30469K, committed 31040K, reserved 1114112K
  class space    used 2946K, committed 3200K, reserved 1048576K
}
Event: 7.861 GC heap after
{Heap after GC invocations=8 (full 1):
 PSYoungGen      total 26624K, used 2556K [0x00000000eab00000, 0x00000000ecc80000, 0x0000000100000000)
  eden space 24064K, 0% used [0x00000000eab00000,0x00000000eab00000,0x00000000ec280000)
  from space 2560K, 99% used [0x00000000ec480000,0x00000000ec6ff3d8,0x00000000ec700000)
  to   space 5120K, 0% used [0x00000000ec780000,0x00000000ec780000,0x00000000ecc80000)
 ParOldGen       total 68608K, used 8700K [0x00000000c0000000, 0x00000000c4300000, 0x00000000eab00000)
  object space 68608K, 12% used [0x00000000c0000000,0x00000000c087f330,0x00000000c4300000)
 Metaspace       used 30469K, committed 31040K, reserved 1114112K
  class space    used 2946K, committed 3200K, reserved 1048576K
}
Event: 8.775 GC heap before
{Heap before GC invocations=9 (full 1):
 PSYoungGen      total 26624K, used 26620K [0x00000000eab00000, 0x00000000ecc80000, 0x0000000100000000)
  eden space 24064K, 100% used [0x00000000eab00000,0x00000000ec280000,0x00000000ec280000)
  from space 2560K, 99% used [0x00000000ec480000,0x00000000ec6ff3d8,0x00000000ec700000)
  to   space 5120K, 0% used [0x00000000ec780000,0x00000000ec780000,0x00000000ecc80000)
 ParOldGen       total 68608K, used 8700K [0x00000000c0000000, 0x00000000c4300000, 0x00000000eab00000)
  object space 68608K, 12% used [0x00000000c0000000,0x00000000c087f330,0x00000000c4300000)
 Metaspace       used 34057K, committed 34752K, reserved 1114112K
  class space    used 3392K, committed 3648K, reserved 1048576K
}
Event: 8.779 GC heap after
{Heap after GC invocations=9 (full 1):
 PSYoungGen      total 27648K, used 3672K [0x00000000eab00000, 0x00000000ecb80000, 0x0000000100000000)
  eden space 23552K, 0% used [0x00000000eab00000,0x00000000eab00000,0x00000000ec200000)
  from space 4096K, 89% used [0x00000000ec780000,0x00000000ecb160e8,0x00000000ecb80000)
  to   space 4096K, 0% used [0x00000000ec380000,0x00000000ec380000,0x00000000ec780000)
 ParOldGen       total 68608K, used 8708K [0x00000000c0000000, 0x00000000c4300000, 0x00000000eab00000)
  object space 68608K, 12% used [0x00000000c0000000,0x00000000c0881330,0x00000000c4300000)
 Metaspace       used 34057K, committed 34752K, reserved 1114112K
  class space    used 3392K, committed 3648K, reserved 1048576K
}
Event: 9.077 GC heap before
{Heap before GC invocations=10 (full 1):
 PSYoungGen      total 27648K, used 11830K [0x00000000eab00000, 0x00000000ecb80000, 0x0000000100000000)
  eden space 23552K, 34% used [0x00000000eab00000,0x00000000eb2f77f0,0x00000000ec200000)
  from space 4096K, 89% used [0x00000000ec780000,0x00000000ecb160e8,0x00000000ecb80000)
  to   space 4096K, 0% used [0x00000000ec380000,0x00000000ec380000,0x00000000ec780000)
 ParOldGen       total 68608K, used 8708K [0x00000000c0000000, 0x00000000c4300000, 0x00000000eab00000)
  object space 68608K, 12% used [0x00000000c0000000,0x00000000c0881330,0x00000000c4300000)
 Metaspace       used 35181K, committed 35840K, reserved 1114112K
  class space    used 3526K, committed 3776K, reserved 1048576K
}
Event: 9.085 GC heap after
{Heap after GC invocations=10 (full 1):
 PSYoungGen      total 26624K, used 2593K [0x00000000eab00000, 0x00000000ec800000, 0x0000000100000000)
  eden space 23552K, 0% used [0x00000000eab00000,0x00000000eab00000,0x00000000ec200000)
  from space 3072K, 84% used [0x00000000ec380000,0x00000000ec608690,0x00000000ec680000)
  to   space 1536K, 0% used [0x00000000ec680000,0x00000000ec680000,0x00000000ec800000)
 ParOldGen       total 68608K, used 10468K [0x00000000c0000000, 0x00000000c4300000, 0x00000000eab00000)
  object space 68608K, 15% used [0x00000000c0000000,0x00000000c0a393a8,0x00000000c4300000)
 Metaspace       used 35181K, committed 35840K, reserved 1114112K
  class space    used 3526K, committed 3776K, reserved 1048576K
}
Event: 9.085 GC heap before
{Heap before GC invocations=11 (full 2):
 PSYoungGen      total 26624K, used 2593K [0x00000000eab00000, 0x00000000ec800000, 0x0000000100000000)
  eden space 23552K, 0% used [0x00000000eab00000,0x00000000eab00000,0x00000000ec200000)
  from space 3072K, 84% used [0x00000000ec380000,0x00000000ec608690,0x00000000ec680000)
  to   space 1536K, 0% used [0x00000000ec680000,0x00000000ec680000,0x00000000ec800000)
 ParOldGen       total 68608K, used 10468K [0x00000000c0000000, 0x00000000c4300000, 0x00000000eab00000)
  object space 68608K, 15% used [0x00000000c0000000,0x00000000c0a393a8,0x00000000c4300000)
 Metaspace       used 35181K, committed 35840K, reserved 1114112K
  class space    used 3526K, committed 3776K, reserved 1048576K
}
Event: 9.130 GC heap after
{Heap after GC invocations=11 (full 2):
 PSYoungGen      total 26624K, used 0K [0x00000000eab00000, 0x00000000ec800000, 0x0000000100000000)
  eden space 23552K, 0% used [0x00000000eab00000,0x00000000eab00000,0x00000000ec200000)
  from space 3072K, 0% used [0x00000000ec380000,0x00000000ec380000,0x00000000ec680000)
  to   space 1536K, 0% used [0x00000000ec680000,0x00000000ec680000,0x00000000ec800000)
 ParOldGen       total 68608K, used 12697K [0x00000000c0000000, 0x00000000c4300000, 0x00000000eab00000)
  object space 68608K, 18% used [0x00000000c0000000,0x00000000c0c664d0,0x00000000c4300000)
 Metaspace       used 35181K, committed 35840K, reserved 1114112K
  class space    used 3526K, committed 3776K, reserved 1048576K
}
Event: 9.869 GC heap before
{Heap before GC invocations=12 (full 2):
 PSYoungGen      total 26624K, used 23552K [0x00000000eab00000, 0x00000000ec800000, 0x0000000100000000)
  eden space 23552K, 100% used [0x00000000eab00000,0x00000000ec200000,0x00000000ec200000)
  from space 3072K, 0% used [0x00000000ec380000,0x00000000ec380000,0x00000000ec680000)
  to   space 1536K, 0% used [0x00000000ec680000,0x00000000ec680000,0x00000000ec800000)
 ParOldGen       total 68608K, used 12697K [0x00000000c0000000, 0x00000000c4300000, 0x00000000eab00000)
  object space 68608K, 18% used [0x00000000c0000000,0x00000000c0c664d0,0x00000000c4300000)
 Metaspace       used 38024K, committed 38848K, reserved 1114112K
  class space    used 3863K, committed 4224K, reserved 1048576K
}
Event: 9.875 GC heap after
{Heap after GC invocations=12 (full 2):
 PSYoungGen      total 24576K, used 1531K [0x00000000eab00000, 0x00000000ec800000, 0x0000000100000000)
  eden space 23040K, 0% used [0x00000000eab00000,0x00000000eab00000,0x00000000ec180000)
  from space 1536K, 99% used [0x00000000ec680000,0x00000000ec7feca0,0x00000000ec800000)
  to   space 2560K, 0% used [0x00000000ec300000,0x00000000ec300000,0x00000000ec580000)
 ParOldGen       total 68608K, used 12849K [0x00000000c0000000, 0x00000000c4300000, 0x00000000eab00000)
  object space 68608K, 18% used [0x00000000c0000000,0x00000000c0c8c510,0x00000000c4300000)
 Metaspace       used 38024K, committed 38848K, reserved 1114112K
  class space    used 3863K, committed 4224K, reserved 1048576K
}
Event: 10.094 GC heap before
{Heap before GC invocations=13 (full 2):
 PSYoungGen      total 24576K, used 24571K [0x00000000eab00000, 0x00000000ec800000, 0x0000000100000000)
  eden space 23040K, 100% used [0x00000000eab00000,0x00000000ec180000,0x00000000ec180000)
  from space 1536K, 99% used [0x00000000ec680000,0x00000000ec7feca0,0x00000000ec800000)
  to   space 2560K, 0% used [0x00000000ec300000,0x00000000ec300000,0x00000000ec580000)
 ParOldGen       total 68608K, used 12849K [0x00000000c0000000, 0x00000000c4300000, 0x00000000eab00000)
  object space 68608K, 18% used [0x00000000c0000000,0x00000000c0c8c510,0x00000000c4300000)
 Metaspace       used 38474K, committed 39296K, reserved 1114112K
  class space    used 3931K, committed 4288K, reserved 1048576K
}
Event: 10.101 GC heap after
{Heap after GC invocations=13 (full 2):
 PSYoungGen      total 25088K, used 2257K [0x00000000eab00000, 0x00000000ec700000, 0x0000000100000000)
  eden space 22528K, 0% used [0x00000000eab00000,0x00000000eab00000,0x00000000ec100000)
  from space 2560K, 88% used [0x00000000ec300000,0x00000000ec534460,0x00000000ec580000)
  to   space 1536K, 0% used [0x00000000ec580000,0x00000000ec580000,0x00000000ec700000)
 ParOldGen       total 68608K, used 14323K [0x00000000c0000000, 0x00000000c4300000, 0x00000000eab00000)
  object space 68608K, 20% used [0x00000000c0000000,0x00000000c0dfcd08,0x00000000c4300000)
 Metaspace       used 38474K, committed 39296K, reserved 1114112K
  class space    used 3931K, committed 4288K, reserved 1048576K
}
Event: 10.294 GC heap before
{Heap before GC invocations=14 (full 2):
 PSYoungGen      total 25088K, used 24785K [0x00000000eab00000, 0x00000000ec700000, 0x0000000100000000)
  eden space 22528K, 100% used [0x00000000eab00000,0x00000000ec100000,0x00000000ec100000)
  from space 2560K, 88% used [0x00000000ec300000,0x00000000ec534460,0x00000000ec580000)
  to   space 1536K, 0% used [0x00000000ec580000,0x00000000ec580000,0x00000000ec700000)
 ParOldGen       total 68608K, used 14323K [0x00000000c0000000, 0x00000000c4300000, 0x00000000eab00000)
  object space 68608K, 20% used [0x00000000c0000000,0x00000000c0dfcd08,0x00000000c4300000)
 Metaspace       used 38611K, committed 39424K, reserved 1114112K
  class space    used 3935K, committed 4288K, reserved 1048576K
}
Event: 10.300 GC heap after
{Heap after GC invocations=14 (full 2):
 PSYoungGen      total 23552K, used 1506K [0x00000000eab00000, 0x00000000ec980000, 0x0000000100000000)
  eden space 22016K, 0% used [0x00000000eab00000,0x00000000eab00000,0x00000000ec080000)
  from space 1536K, 98% used [0x00000000ec580000,0x00000000ec6f8800,0x00000000ec700000)
  to   space 4608K, 0% used [0x00000000ec080000,0x00000000ec080000,0x00000000ec500000)
 ParOldGen       total 68608K, used 16867K [0x00000000c0000000, 0x00000000c4300000, 0x00000000eab00000)
  object space 68608K, 24% used [0x00000000c0000000,0x00000000c1078d68,0x00000000c4300000)
 Metaspace       used 38611K, committed 39424K, reserved 1114112K
  class space    used 3935K, committed 4288K, reserved 1048576K
}
Event: 10.575 GC heap before
{Heap before GC invocations=15 (full 2):
 PSYoungGen      total 23552K, used 23522K [0x00000000eab00000, 0x00000000ec980000, 0x0000000100000000)
  eden space 22016K, 100% used [0x00000000eab00000,0x00000000ec080000,0x00000000ec080000)
  from space 1536K, 98% used [0x00000000ec580000,0x00000000ec6f8800,0x00000000ec700000)
  to   space 4608K, 0% used [0x00000000ec080000,0x00000000ec080000,0x00000000ec500000)
 ParOldGen       total 68608K, used 16867K [0x00000000c0000000, 0x00000000c4300000, 0x00000000eab00000)
  object space 68608K, 24% used [0x00000000c0000000,0x00000000c1078d68,0x00000000c4300000)
 Metaspace       used 39708K, committed 40640K, reserved 1114112K
  class space    used 4075K, committed 4480K, reserved 1048576K
}
Event: 10.581 GC heap after
{Heap after GC invocations=15 (full 2):
 PSYoungGen      total 24064K, used 1632K [0x00000000eab00000, 0x00000000ec600000, 0x0000000100000000)
  eden space 22016K, 0% used [0x00000000eab00000,0x00000000eab00000,0x00000000ec080000)
  from space 2048K, 79% used [0x00000000ec080000,0x00000000ec218010,0x00000000ec280000)
  to   space 2560K, 0% used [0x00000000ec380000,0x00000000ec380000,0x00000000ec600000)
 ParOldGen       total 68608K, used 18387K [0x00000000c0000000, 0x00000000c4300000, 0x00000000eab00000)
  object space 68608K, 26% used [0x00000000c0000000,0x00000000c11f4de8,0x00000000c4300000)
 Metaspace       used 39708K, committed 40640K, reserved 1114112K
  class space    used 4075K, committed 4480K, reserved 1048576K
}
Event: 11.775 GC heap before
{Heap before GC invocations=16 (full 2):
 PSYoungGen      total 24064K, used 23631K [0x00000000eab00000, 0x00000000ec600000, 0x0000000100000000)
  eden space 22016K, 99% used [0x00000000eab00000,0x00000000ec07bcc0,0x00000000ec080000)
  from space 2048K, 79% used [0x00000000ec080000,0x00000000ec218010,0x00000000ec280000)
  to   space 2560K, 0% used [0x00000000ec380000,0x00000000ec380000,0x00000000ec600000)
 ParOldGen       total 68608K, used 18387K [0x00000000c0000000, 0x00000000c4300000, 0x00000000eab00000)
  object space 68608K, 26% used [0x00000000c0000000,0x00000000c11f4de8,0x00000000c4300000)
 Metaspace       used 41621K, committed 42432K, reserved 1114112K
  class space    used 4266K, committed 4608K, reserved 1048576K
}
Event: 11.783 GC heap after
{Heap after GC invocations=16 (full 2):
 PSYoungGen      total 23040K, used 726K [0x00000000eab00000, 0x00000000ec480000, 0x0000000100000000)
  eden space 22016K, 0% used [0x00000000eab00000,0x00000000eab00000,0x00000000ec080000)
  from space 1024K, 70% used [0x00000000ec380000,0x00000000ec435a78,0x00000000ec480000)
  to   space 1536K, 0% used [0x00000000ec180000,0x00000000ec180000,0x00000000ec300000)
 ParOldGen       total 68608K, used 19878K [0x00000000c0000000, 0x00000000c4300000, 0x00000000eab00000)
  object space 68608K, 28% used [0x00000000c0000000,0x00000000c13699e0,0x00000000c4300000)
 Metaspace       used 41621K, committed 42432K, reserved 1114112K
  class space    used 4266K, committed 4608K, reserved 1048576K
}

