# JRE version: OpenJDK Runtime Environment Temurin-17.0.12+7 (17.0.12+7) (build 17.0.12+7)
# Java VM: OpenJDK 64-Bit Server VM Temurin-17.0.12+7 (17.0.12+7, mixed mode, tiered, compressed oops, compressed class ptrs, parallel gc, windows-amd64)
GC Precious Log:
 CPUs: 8 total, 8 available
 Memory: 14213M
 Large Page Support: Disabled
 NUMA Support: Disabled
 Compressed Oops: Enabled (32-bit)
 Alignments: Space 512K, Generation 512K, Heap 2M
 Heap Min Capacity: 100M
 Heap Initial Capacity: 100M
 Heap Max Capacity: 1G
 Pre-touch: Disabled
 Parallel Workers: 8
Heap:
 PSYoungGen      total 15872K, used 2980K [0x00000000eab00000, 0x00000000ec000000, 0x0000000100000000)
  eden space 12800K, 0% used [0x00000000eab00000,0x00000000eab00000,0x00000000eb780000)
  from space 3072K, 97% used [0x00000000ebd00000,0x00000000ebfe9008,0x00000000ec000000)
  to   space 4096K, 0% used [0x00000000eb800000,0x00000000eb800000,0x00000000ebc00000)
 ParOldGen       total 68608K, used 67955K [0x00000000c0000000, 0x00000000c4300000, 0x00000000eab00000)
  object space 68608K, 99% used [0x00000000c0000000,0x00000000c425ce18,0x00000000c4300000)
 Metaspace       used 60386K, committed 61568K, reserved 1114112K
  class space    used 6439K, committed 6976K, reserved 1048576K
GC Heap History (20 events):
Event: 21.567 GC heap before
{Heap before GC invocations=39 (full 2):
 PSYoungGen      total 14336K, used 14328K [0x00000000eab00000, 0x00000000ebf00000, 0x0000000100000000)
  eden space 12800K, 100% used [0x00000000eab00000,0x00000000eb780000,0x00000000eb780000)
  from space 1536K, 99% used [0x00000000eba80000,0x00000000ebbfe1d8,0x00000000ebc00000)
  to   space 3072K, 0% used [0x00000000eb780000,0x00000000eb780000,0x00000000eba80000)
 ParOldGen       total 68608K, used 57366K [0x00000000c0000000, 0x00000000c4300000, 0x00000000eab00000)
  object space 68608K, 83% used [0x00000000c0000000,0x00000000c3805ae8,0x00000000c4300000)
 Metaspace       used 58126K, committed 59264K, reserved 1114112K
  class space    used 6221K, committed 6720K, reserved 1048576K
}
Event: 21.573 GC heap after
{Heap after GC invocations=39 (full 2):
 PSYoungGen      total 14336K, used 1186K [0x00000000eab00000, 0x00000000ebb80000, 0x0000000100000000)
  eden space 12800K, 0% used [0x00000000eab00000,0x00000000eab00000,0x00000000eb780000)
  from space 1536K, 77% used [0x00000000eb780000,0x00000000eb8a89e8,0x00000000eb900000)
  to   space 2048K, 0% used [0x00000000eb980000,0x00000000eb980000,0x00000000ebb80000)
 ParOldGen       total 68608K, used 58742K [0x00000000c0000000, 0x00000000c4300000, 0x00000000eab00000)
  object space 68608K, 85% used [0x00000000c0000000,0x00000000c395d920,0x00000000c4300000)
 Metaspace       used 58126K, committed 59264K, reserved 1114112K
  class space    used 6221K, committed 6720K, reserved 1048576K
}
Event: 21.620 GC heap before
{Heap before GC invocations=40 (full 2):
 PSYoungGen      total 14336K, used 13986K [0x00000000eab00000, 0x00000000ebb80000, 0x0000000100000000)
  eden space 12800K, 100% used [0x00000000eab00000,0x00000000eb780000,0x00000000eb780000)
  from space 1536K, 77% used [0x00000000eb780000,0x00000000eb8a89e8,0x00000000eb900000)
  to   space 2048K, 0% used [0x00000000eb980000,0x00000000eb980000,0x00000000ebb80000)
 ParOldGen       total 68608K, used 58742K [0x00000000c0000000, 0x00000000c4300000, 0x00000000eab00000)
  object space 68608K, 85% used [0x00000000c0000000,0x00000000c395d920,0x00000000c4300000)
 Metaspace       used 58348K, committed 59520K, reserved 1114112K
  class space    used 6244K, committed 6784K, reserved 1048576K
}
Event: 21.624 GC heap after
{Heap after GC invocations=40 (full 2):
 PSYoungGen      total 14336K, used 1326K [0x00000000eab00000, 0x00000000ebb00000, 0x0000000100000000)
  eden space 12800K, 0% used [0x00000000eab00000,0x00000000eab00000,0x00000000eb780000)
  from space 1536K, 86% used [0x00000000eb980000,0x00000000ebacba88,0x00000000ebb00000)
  to   space 1536K, 0% used [0x00000000eb780000,0x00000000eb780000,0x00000000eb900000)
 ParOldGen       total 68608K, used 59810K [0x00000000c0000000, 0x00000000c4300000, 0x00000000eab00000)
  object space 68608K, 87% used [0x00000000c0000000,0x00000000c3a68ae0,0x00000000c4300000)
 Metaspace       used 58348K, committed 59520K, reserved 1114112K
  class space    used 6244K, committed 6784K, reserved 1048576K
}
Event: 21.684 GC heap before
{Heap before GC invocations=41 (full 2):
 PSYoungGen      total 14336K, used 14117K [0x00000000eab00000, 0x00000000ebb00000, 0x0000000100000000)
  eden space 12800K, 99% used [0x00000000eab00000,0x00000000eb77dce8,0x00000000eb780000)
  from space 1536K, 86% used [0x00000000eb980000,0x00000000ebacba88,0x00000000ebb00000)
  to   space 1536K, 0% used [0x00000000eb780000,0x00000000eb780000,0x00000000eb900000)
 ParOldGen       total 68608K, used 59810K [0x00000000c0000000, 0x00000000c4300000, 0x00000000eab00000)
  object space 68608K, 87% used [0x00000000c0000000,0x00000000c3a68ae0,0x00000000c4300000)
 Metaspace       used 58443K, committed 59648K, reserved 1114112K
  class space    used 6252K, committed 6784K, reserved 1048576K
}
Event: 21.688 GC heap after
{Heap after GC invocations=41 (full 2):
 PSYoungGen      total 14336K, used 1535K [0x00000000eab00000, 0x00000000ebe80000, 0x0000000100000000)
  eden space 12800K, 0% used [0x00000000eab00000,0x00000000eab00000,0x00000000eb780000)
  from space 1536K, 99% used [0x00000000eb780000,0x00000000eb8fff50,0x00000000eb900000)
  to   space 3584K, 0% used [0x00000000ebb00000,0x00000000ebb00000,0x00000000ebe80000)
 ParOldGen       total 68608K, used 61121K [0x00000000c0000000, 0x00000000c4300000, 0x00000000eab00000)
  object space 68608K, 89% used [0x00000000c0000000,0x00000000c3bb07f0,0x00000000c4300000)
 Metaspace       used 58443K, committed 59648K, reserved 1114112K
  class space    used 6252K, committed 6784K, reserved 1048576K
}
Event: 21.754 GC heap before
{Heap before GC invocations=42 (full 2):
 PSYoungGen      total 14336K, used 6024K [0x00000000eab00000, 0x00000000ebe80000, 0x0000000100000000)
  eden space 12800K, 35% used [0x00000000eab00000,0x00000000eaf621d0,0x00000000eb780000)
  from space 1536K, 99% used [0x00000000eb780000,0x00000000eb8fff50,0x00000000eb900000)
  to   space 3584K, 0% used [0x00000000ebb00000,0x00000000ebb00000,0x00000000ebe80000)
 ParOldGen       total 68608K, used 61121K [0x00000000c0000000, 0x00000000c4300000, 0x00000000eab00000)
  object space 68608K, 89% used [0x00000000c0000000,0x00000000c3bb07f0,0x00000000c4300000)
 Metaspace       used 58654K, committed 59776K, reserved 1114112K
  class space    used 6263K, committed 6784K, reserved 1048576K
}
Event: 21.757 GC heap after
{Heap after GC invocations=42 (full 2):
 PSYoungGen      total 13824K, used 983K [0x00000000eab00000, 0x00000000ebc00000, 0x0000000100000000)
  eden space 12800K, 0% used [0x00000000eab00000,0x00000000eab00000,0x00000000eb780000)
  from space 1024K, 96% used [0x00000000ebb00000,0x00000000ebbf5d50,0x00000000ebc00000)
  to   space 2048K, 0% used [0x00000000eb800000,0x00000000eb800000,0x00000000eba00000)
 ParOldGen       total 68608K, used 62564K [0x00000000c0000000, 0x00000000c4300000, 0x00000000eab00000)
  object space 68608K, 91% used [0x00000000c0000000,0x00000000c3d19378,0x00000000c4300000)
 Metaspace       used 58654K, committed 59776K, reserved 1114112K
  class space    used 6263K, committed 6784K, reserved 1048576K
}
Event: 21.757 GC heap before
{Heap before GC invocations=43 (full 3):
 PSYoungGen      total 13824K, used 983K [0x00000000eab00000, 0x00000000ebc00000, 0x0000000100000000)
  eden space 12800K, 0% used [0x00000000eab00000,0x00000000eab00000,0x00000000eb780000)
  from space 1024K, 96% used [0x00000000ebb00000,0x00000000ebbf5d50,0x00000000ebc00000)
  to   space 2048K, 0% used [0x00000000eb800000,0x00000000eb800000,0x00000000eba00000)
 ParOldGen       total 68608K, used 62564K [0x00000000c0000000, 0x00000000c4300000, 0x00000000eab00000)
  object space 68608K, 91% used [0x00000000c0000000,0x00000000c3d19378,0x00000000c4300000)
 Metaspace       used 58654K, committed 59776K, reserved 1114112K
  class space    used 6263K, committed 6784K, reserved 1048576K
}
Event: 21.881 GC heap after
{Heap after GC invocations=43 (full 3):
 PSYoungGen      total 13824K, used 0K [0x00000000eab00000, 0x00000000ebc00000, 0x0000000100000000)
  eden space 12800K, 0% used [0x00000000eab00000,0x00000000eab00000,0x00000000eb780000)
  from space 1024K, 0% used [0x00000000ebb00000,0x00000000ebb00000,0x00000000ebc00000)
  to   space 2048K, 0% used [0x00000000eb800000,0x00000000eb800000,0x00000000eba00000)
 ParOldGen       total 68608K, used 56856K [0x00000000c0000000, 0x00000000c4300000, 0x00000000eab00000)
  object space 68608K, 82% used [0x00000000c0000000,0x00000000c3786138,0x00000000c4300000)
 Metaspace       used 58654K, committed 59776K, reserved 1114112K
  class space    used 6263K, committed 6784K, reserved 1048576K
}
Event: 22.119 GC heap before
{Heap before GC invocations=44 (full 3):
 PSYoungGen      total 13824K, used 12800K [0x00000000eab00000, 0x00000000ebc00000, 0x0000000100000000)
  eden space 12800K, 100% used [0x00000000eab00000,0x00000000eb780000,0x00000000eb780000)
  from space 1024K, 0% used [0x00000000ebb00000,0x00000000ebb00000,0x00000000ebc00000)
  to   space 2048K, 0% used [0x00000000eb800000,0x00000000eb800000,0x00000000eba00000)
 ParOldGen       total 68608K, used 56856K [0x00000000c0000000, 0x00000000c4300000, 0x00000000eab00000)
  object space 68608K, 82% used [0x00000000c0000000,0x00000000c3786138,0x00000000c4300000)
 Metaspace       used 59458K, committed 60608K, reserved 1114112K
  class space    used 6346K, committed 6848K, reserved 1048576K
}
Event: 22.124 GC heap after
{Heap after GC invocations=44 (full 3):
 PSYoungGen      total 14848K, used 2040K [0x00000000eab00000, 0x00000000ebc80000, 0x0000000100000000)
  eden space 12800K, 0% used [0x00000000eab00000,0x00000000eab00000,0x00000000eb780000)
  from space 2048K, 99% used [0x00000000eb800000,0x00000000eb9fe208,0x00000000eba00000)
  to   space 2560K, 0% used [0x00000000eba00000,0x00000000eba00000,0x00000000ebc80000)
 ParOldGen       total 68608K, used 56912K [0x00000000c0000000, 0x00000000c4300000, 0x00000000eab00000)
  object space 68608K, 82% used [0x00000000c0000000,0x00000000c3794148,0x00000000c4300000)
 Metaspace       used 59458K, committed 60608K, reserved 1114112K
  class space    used 6346K, committed 6848K, reserved 1048576K
}
Event: 22.351 GC heap before
{Heap before GC invocations=45 (full 3):
 PSYoungGen      total 14848K, used 14840K [0x00000000eab00000, 0x00000000ebc80000, 0x0000000100000000)
  eden space 12800K, 100% used [0x00000000eab00000,0x00000000eb780000,0x00000000eb780000)
  from space 2048K, 99% used [0x00000000eb800000,0x00000000eb9fe208,0x00000000eba00000)
  to   space 2560K, 0% used [0x00000000eba00000,0x00000000eba00000,0x00000000ebc80000)
 ParOldGen       total 68608K, used 56912K [0x00000000c0000000, 0x00000000c4300000, 0x00000000eab00000)
  object space 68608K, 82% used [0x00000000c0000000,0x00000000c3794148,0x00000000c4300000)
 Metaspace       used 60040K, committed 61248K, reserved 1114112K
  class space    used 6383K, committed 6912K, reserved 1048576K
}
Event: 22.357 GC heap after
{Heap after GC invocations=45 (full 3):
 PSYoungGen      total 15360K, used 2319K [0x00000000eab00000, 0x00000000ebc80000, 0x0000000100000000)
  eden space 12800K, 0% used [0x00000000eab00000,0x00000000eab00000,0x00000000eb780000)
  from space 2560K, 90% used [0x00000000eba00000,0x00000000ebc43f70,0x00000000ebc80000)
  to   space 2560K, 0% used [0x00000000eb780000,0x00000000eb780000,0x00000000eba00000)
 ParOldGen       total 68608K, used 58849K [0x00000000c0000000, 0x00000000c4300000, 0x00000000eab00000)
  object space 68608K, 85% used [0x00000000c0000000,0x00000000c39785d0,0x00000000c4300000)
 Metaspace       used 60040K, committed 61248K, reserved 1114112K
  class space    used 6383K, committed 6912K, reserved 1048576K
}
Event: 22.514 GC heap before
{Heap before GC invocations=46 (full 3):
 PSYoungGen      total 15360K, used 15119K [0x00000000eab00000, 0x00000000ebc80000, 0x0000000100000000)
  eden space 12800K, 100% used [0x00000000eab00000,0x00000000eb780000,0x00000000eb780000)
  from space 2560K, 90% used [0x00000000eba00000,0x00000000ebc43f70,0x00000000ebc80000)
  to   space 2560K, 0% used [0x00000000eb780000,0x00000000eb780000,0x00000000eba00000)
 ParOldGen       total 68608K, used 58849K [0x00000000c0000000, 0x00000000c4300000, 0x00000000eab00000)
  object space 68608K, 85% used [0x00000000c0000000,0x00000000c39785d0,0x00000000c4300000)
 Metaspace       used 60106K, committed 61248K, reserved 1114112K
  class space    used 6404K, committed 6912K, reserved 1048576K
}
Event: 22.522 GC heap after
{Heap after GC invocations=46 (full 3):
 PSYoungGen      total 15360K, used 2163K [0x00000000eab00000, 0x00000000ebc80000, 0x0000000100000000)
  eden space 12800K, 0% used [0x00000000eab00000,0x00000000eab00000,0x00000000eb780000)
  from space 2560K, 84% used [0x00000000eb780000,0x00000000eb99cc38,0x00000000eba00000)
  to   space 2560K, 0% used [0x00000000eba00000,0x00000000eba00000,0x00000000ebc80000)
 ParOldGen       total 68608K, used 60953K [0x00000000c0000000, 0x00000000c4300000, 0x00000000eab00000)
  object space 68608K, 88% used [0x00000000c0000000,0x00000000c3b86600,0x00000000c4300000)
 Metaspace       used 60106K, committed 61248K, reserved 1114112K
  class space    used 6404K, committed 6912K, reserved 1048576K
}
Event: 22.929 GC heap before
{Heap before GC invocations=47 (full 3):
 PSYoungGen      total 15360K, used 14963K [0x00000000eab00000, 0x00000000ebc80000, 0x0000000100000000)
  eden space 12800K, 100% used [0x00000000eab00000,0x00000000eb780000,0x00000000eb780000)
  from space 2560K, 84% used [0x00000000eb780000,0x00000000eb99cc38,0x00000000eba00000)
  to   space 2560K, 0% used [0x00000000eba00000,0x00000000eba00000,0x00000000ebc80000)
 ParOldGen       total 68608K, used 60953K [0x00000000c0000000, 0x00000000c4300000, 0x00000000eab00000)
  object space 68608K, 88% used [0x00000000c0000000,0x00000000c3b86600,0x00000000c4300000)
 Metaspace       used 60149K, committed 61312K, reserved 1114112K
  class space    used 6419K, committed 6912K, reserved 1048576K
}
Event: 22.935 GC heap after
{Heap after GC invocations=47 (full 3):
 PSYoungGen      total 15360K, used 2496K [0x00000000eab00000, 0x00000000ebc80000, 0x0000000100000000)
  eden space 12800K, 0% used [0x00000000eab00000,0x00000000eab00000,0x00000000eb780000)
  from space 2560K, 97% used [0x00000000eba00000,0x00000000ebc703d0,0x00000000ebc80000)
  to   space 2560K, 0% used [0x00000000eb780000,0x00000000eb780000,0x00000000eba00000)
 ParOldGen       total 68608K, used 62981K [0x00000000c0000000, 0x00000000c4300000, 0x00000000eab00000)
  object space 68608K, 91% used [0x00000000c0000000,0x00000000c3d81528,0x00000000c4300000)
 Metaspace       used 60149K, committed 61312K, reserved 1114112K
  class space    used 6419K, committed 6912K, reserved 1048576K
}
Event: 23.092 GC heap before
{Heap before GC invocations=48 (full 3):
 PSYoungGen      total 15360K, used 15296K [0x00000000eab00000, 0x00000000ebc80000, 0x0000000100000000)
  eden space 12800K, 100% used [0x00000000eab00000,0x00000000eb780000,0x00000000eb780000)
  from space 2560K, 97% used [0x00000000eba00000,0x00000000ebc703d0,0x00000000ebc80000)
  to   space 2560K, 0% used [0x00000000eb780000,0x00000000eb780000,0x00000000eba00000)
 ParOldGen       total 68608K, used 62981K [0x00000000c0000000, 0x00000000c4300000, 0x00000000eab00000)
  object space 68608K, 91% used [0x00000000c0000000,0x00000000c3d81528,0x00000000c4300000)
 Metaspace       used 60236K, committed 61376K, reserved 1114112K
  class space    used 6424K, committed 6912K, reserved 1048576K
}
Event: 23.098 GC heap after
{Heap after GC invocations=48 (full 3):
 PSYoungGen      total 15360K, used 2554K [0x00000000eab00000, 0x00000000ec280000, 0x0000000100000000)
  eden space 12800K, 0% used [0x00000000eab00000,0x00000000eab00000,0x00000000eb780000)
  from space 2560K, 99% used [0x00000000eb780000,0x00000000eb9febb8,0x00000000eba00000)
  to   space 5632K, 0% used [0x00000000ebd00000,0x00000000ebd00000,0x00000000ec280000)
 ParOldGen       total 68608K, used 65447K [0x00000000c0000000, 0x00000000c4300000, 0x00000000eab00000)
  object space 68608K, 95% used [0x00000000c0000000,0x00000000c3fe9c70,0x00000000c4300000)
 Metaspace       used 60236K, committed 61376K, reserved 1114112K
  class space    used 6424K, committed 6912K, reserved 1048576K
}

