# JRE version: OpenJDK Runtime Environment Temurin-17.0.12+7 (17.0.12+7) (build 17.0.12+7)
# Java VM: OpenJDK 64-Bit Server VM Temurin-17.0.12+7 (17.0.12+7, mixed mode, emulated-client, tiered, compressed oops, compressed class ptrs, g1 gc, windows-amd64)
GC Precious Log:
 CPUs: 8 total, 8 available
 Memory: 14213M
 Large Page Support: Disabled
 NUMA Support: Disabled
 Compressed Oops: Enabled (32-bit)
 Heap Region Size: 1M
 Heap Min Capacity: 8M
 Heap Initial Capacity: 224M
 Heap Max Capacity: 1G
 Pre-touch: Disabled
 Parallel Workers: 8
 Concurrent Workers: 2
 Concurrent Refinement Workers: 8
 Periodic GC: Disabled
Heap:
 garbage-first heap   total 91136K, used 39106K [0x00000000c0000000, 0x0000000100000000)
  region size 1024K, 1 young (1024K), 0 survivors (0K)
 Metaspace       used 59560K, committed 59968K, reserved 1114112K
  class space    used 7504K, committed 7680K, reserved 1048576K
GC Heap History (20 events):
Event: 5321.925 GC heap after
{Heap after GC invocations=283 (full 231):
 garbage-first heap   total 91136K, used 39104K [0x00000000c0000000, 0x0000000100000000)
  region size 1024K, 0 young (0K), 0 survivors (0K)
 Metaspace       used 59560K, committed 59968K, reserved 1114112K
  class space    used 7504K, committed 7680K, reserved 1048576K
}
Event: 5332.159 GC heap before
{Heap before GC invocations=283 (full 231):
 garbage-first heap   total 91136K, used 39104K [0x00000000c0000000, 0x0000000100000000)
  region size 1024K, 1 young (1024K), 0 survivors (0K)
 Metaspace       used 59560K, committed 59968K, reserved 1114112K
  class space    used 7504K, committed 7680K, reserved 1048576K
}
Event: 5332.230 GC heap after
{Heap after GC invocations=284 (full 232):
 garbage-first heap   total 91136K, used 39104K [0x00000000c0000000, 0x0000000100000000)
  region size 1024K, 0 young (0K), 0 survivors (0K)
 Metaspace       used 59560K, committed 59968K, reserved 1114112K
  class space    used 7504K, committed 7680K, reserved 1048576K
}
Event: 5342.477 GC heap before
{Heap before GC invocations=284 (full 232):
 garbage-first heap   total 91136K, used 39104K [0x00000000c0000000, 0x0000000100000000)
  region size 1024K, 1 young (1024K), 0 survivors (0K)
 Metaspace       used 59560K, committed 59968K, reserved 1114112K
  class space    used 7504K, committed 7680K, reserved 1048576K
}
Event: 5342.560 GC heap after
{Heap after GC invocations=285 (full 233):
 garbage-first heap   total 91136K, used 39104K [0x00000000c0000000, 0x0000000100000000)
  region size 1024K, 0 young (0K), 0 survivors (0K)
 Metaspace       used 59560K, committed 59968K, reserved 1114112K
  class space    used 7504K, committed 7680K, reserved 1048576K
}
Event: 5422.894 GC heap before
{Heap before GC invocations=285 (full 233):
 garbage-first heap   total 91136K, used 40128K [0x00000000c0000000, 0x0000000100000000)
  region size 1024K, 2 young (2048K), 0 survivors (0K)
 Metaspace       used 59560K, committed 59968K, reserved 1114112K
  class space    used 7504K, committed 7680K, reserved 1048576K
}
Event: 5422.990 GC heap after
{Heap after GC invocations=286 (full 234):
 garbage-first heap   total 91136K, used 39109K [0x00000000c0000000, 0x0000000100000000)
  region size 1024K, 0 young (0K), 0 survivors (0K)
 Metaspace       used 59560K, committed 59968K, reserved 1114112K
  class space    used 7504K, committed 7680K, reserved 1048576K
}
Event: 5433.233 GC heap before
{Heap before GC invocations=286 (full 234):
 garbage-first heap   total 91136K, used 39109K [0x00000000c0000000, 0x0000000100000000)
  region size 1024K, 1 young (1024K), 0 survivors (0K)
 Metaspace       used 59560K, committed 59968K, reserved 1114112K
  class space    used 7504K, committed 7680K, reserved 1048576K
}
Event: 5433.306 GC heap after
{Heap after GC invocations=287 (full 235):
 garbage-first heap   total 91136K, used 39109K [0x00000000c0000000, 0x0000000100000000)
  region size 1024K, 0 young (0K), 0 survivors (0K)
 Metaspace       used 59560K, committed 59968K, reserved 1114112K
  class space    used 7504K, committed 7680K, reserved 1048576K
}
Event: 5443.722 GC heap before
{Heap before GC invocations=287 (full 235):
 garbage-first heap   total 91136K, used 39109K [0x00000000c0000000, 0x0000000100000000)
  region size 1024K, 1 young (1024K), 0 survivors (0K)
 Metaspace       used 59560K, committed 59968K, reserved 1114112K
  class space    used 7504K, committed 7680K, reserved 1048576K
}
Event: 5443.826 GC heap after
{Heap after GC invocations=288 (full 236):
 garbage-first heap   total 91136K, used 39109K [0x00000000c0000000, 0x0000000100000000)
  region size 1024K, 0 young (0K), 0 survivors (0K)
 Metaspace       used 59560K, committed 59968K, reserved 1114112K
  class space    used 7504K, committed 7680K, reserved 1048576K
}
Event: 5454.080 GC heap before
{Heap before GC invocations=288 (full 236):
 garbage-first heap   total 91136K, used 39109K [0x00000000c0000000, 0x0000000100000000)
  region size 1024K, 1 young (1024K), 0 survivors (0K)
 Metaspace       used 59560K, committed 59968K, reserved 1114112K
  class space    used 7504K, committed 7680K, reserved 1048576K
}
Event: 5454.149 GC heap after
{Heap after GC invocations=289 (full 237):
 garbage-first heap   total 91136K, used 39106K [0x00000000c0000000, 0x0000000100000000)
  region size 1024K, 0 young (0K), 0 survivors (0K)
 Metaspace       used 59560K, committed 59968K, reserved 1114112K
  class space    used 7504K, committed 7680K, reserved 1048576K
}
Event: 5464.455 GC heap before
{Heap before GC invocations=289 (full 237):
 garbage-first heap   total 91136K, used 39106K [0x00000000c0000000, 0x0000000100000000)
  region size 1024K, 1 young (1024K), 0 survivors (0K)
 Metaspace       used 59560K, committed 59968K, reserved 1114112K
  class space    used 7504K, committed 7680K, reserved 1048576K
}
Event: 5464.554 GC heap after
{Heap after GC invocations=290 (full 238):
 garbage-first heap   total 91136K, used 39106K [0x00000000c0000000, 0x0000000100000000)
  region size 1024K, 0 young (0K), 0 survivors (0K)
 Metaspace       used 59560K, committed 59968K, reserved 1114112K
  class space    used 7504K, committed 7680K, reserved 1048576K
}
Event: 5474.882 GC heap before
{Heap before GC invocations=290 (full 238):
 garbage-first heap   total 91136K, used 39106K [0x00000000c0000000, 0x0000000100000000)
  region size 1024K, 1 young (1024K), 0 survivors (0K)
 Metaspace       used 59560K, committed 59968K, reserved 1114112K
  class space    used 7504K, committed 7680K, reserved 1048576K
}
Event: 5474.977 GC heap after
{Heap after GC invocations=291 (full 239):
 garbage-first heap   total 91136K, used 39106K [0x00000000c0000000, 0x0000000100000000)
  region size 1024K, 0 young (0K), 0 survivors (0K)
 Metaspace       used 59560K, committed 59968K, reserved 1114112K
  class space    used 7504K, committed 7680K, reserved 1048576K
}
Event: 5485.225 GC heap before
{Heap before GC invocations=291 (full 239):
 garbage-first heap   total 91136K, used 39106K [0x00000000c0000000, 0x0000000100000000)
  region size 1024K, 1 young (1024K), 0 survivors (0K)
 Metaspace       used 59560K, committed 59968K, reserved 1114112K
  class space    used 7504K, committed 7680K, reserved 1048576K
}
Event: 5485.303 GC heap after
{Heap after GC invocations=292 (full 240):
 garbage-first heap   total 91136K, used 39106K [0x00000000c0000000, 0x0000000100000000)
  region size 1024K, 0 young (0K), 0 survivors (0K)
 Metaspace       used 59560K, committed 59968K, reserved 1114112K
  class space    used 7504K, committed 7680K, reserved 1048576K
}
Event: 5495.447 GC heap before
{Heap before GC invocations=292 (full 240):
 garbage-first heap   total 91136K, used 39106K [0x00000000c0000000, 0x0000000100000000)
  region size 1024K, 1 young (1024K), 0 survivors (0K)
 Metaspace       used 59560K, committed 59968K, reserved 1114112K
  class space    used 7504K, committed 7680K, reserved 1048576K
}

