# JRE version: OpenJDK Runtime Environment Temurin-17.0.12+7 (17.0.12+7) (build 17.0.12+7)
# Java VM: OpenJDK 64-Bit Server VM Temurin-17.0.12+7 (17.0.12+7, mixed mode, tiered, compressed oops, compressed class ptrs, parallel gc, windows-amd64)
GC Precious Log:
 CPUs: 8 total, 8 available
 Memory: 14213M
 Large Page Support: Disabled
 NUMA Support: Disabled
 Compressed Oops: Enabled (32-bit)
 Alignments: Space 512K, Generation 512K, Heap 2M
 Heap Min Capacity: 100M
 Heap Initial Capacity: 100M
 Heap Max Capacity: 1G
 Pre-touch: Disabled
 Parallel Workers: 8
Heap:
 PSYoungGen      total 64000K, used 32570K [0x00000000eab00000, 0x00000000f0980000, 0x0000000100000000)
  eden space 35840K, 12% used [0x00000000eab00000,0x00000000eaf4ff68,0x00000000ece00000)
  from space 28160K, 99% used [0x00000000ed280000,0x00000000eedfec28,0x00000000eee00000)
  to   space 25600K, 0% used [0x00000000ef080000,0x00000000ef080000,0x00000000f0980000)
 ParOldGen       total 231936K, used 221625K [0x00000000c0000000, 0x00000000ce280000, 0x00000000eab00000)
  object space 231936K, 95% used [0x00000000c0000000,0x00000000cd86e408,0x00000000ce280000)
 Metaspace       used 71168K, committed 72384K, reserved 1114112K
  class space    used 7428K, committed 8000K, reserved 1048576K
GC Heap History (20 events):
Event: 25.240 GC heap after
{Heap after GC invocations=141 (full 8):
 PSYoungGen      total 57856K, used 15359K [0x00000000eab00000, 0x00000000efa80000, 0x0000000100000000)
  eden space 42496K, 0% used [0x00000000eab00000,0x00000000eab00000,0x00000000ed480000)
  from space 15360K, 99% used [0x00000000ed480000,0x00000000ee37fd30,0x00000000ee380000)
  to   space 18432K, 0% used [0x00000000ee880000,0x00000000ee880000,0x00000000efa80000)
 ParOldGen       total 185344K, used 180445K [0x00000000c0000000, 0x00000000cb500000, 0x00000000eab00000)
  object space 185344K, 97% used [0x00000000c0000000,0x00000000cb037658,0x00000000cb500000)
 Metaspace       used 69296K, committed 70656K, reserved 1114112K
  class space    used 7272K, committed 7872K, reserved 1048576K
}
Event: 25.745 GC heap before
{Heap before GC invocations=142 (full 8):
 PSYoungGen      total 57856K, used 57855K [0x00000000eab00000, 0x00000000efa80000, 0x0000000100000000)
  eden space 42496K, 100% used [0x00000000eab00000,0x00000000ed480000,0x00000000ed480000)
  from space 15360K, 99% used [0x00000000ed480000,0x00000000ee37fd30,0x00000000ee380000)
  to   space 18432K, 0% used [0x00000000ee880000,0x00000000ee880000,0x00000000efa80000)
 ParOldGen       total 185344K, used 180445K [0x00000000c0000000, 0x00000000cb500000, 0x00000000eab00000)
  object space 185344K, 97% used [0x00000000c0000000,0x00000000cb037658,0x00000000cb500000)
 Metaspace       used 70502K, committed 71808K, reserved 1114112K
  class space    used 7378K, committed 7936K, reserved 1048576K
}
Event: 25.766 GC heap after
{Heap after GC invocations=142 (full 8):
 PSYoungGen      total 54784K, used 13249K [0x00000000eab00000, 0x00000000ef580000, 0x0000000100000000)
  eden space 41472K, 0% used [0x00000000eab00000,0x00000000eab00000,0x00000000ed380000)
  from space 13312K, 99% used [0x00000000ee880000,0x00000000ef570580,0x00000000ef580000)
  to   space 15360K, 0% used [0x00000000ed780000,0x00000000ed780000,0x00000000ee680000)
 ParOldGen       total 189440K, used 189008K [0x00000000c0000000, 0x00000000cb900000, 0x00000000eab00000)
  object space 189440K, 99% used [0x00000000c0000000,0x00000000cb894008,0x00000000cb900000)
 Metaspace       used 70502K, committed 71808K, reserved 1114112K
  class space    used 7378K, committed 7936K, reserved 1048576K
}
Event: 25.766 GC heap before
{Heap before GC invocations=143 (full 9):
 PSYoungGen      total 54784K, used 13249K [0x00000000eab00000, 0x00000000ef580000, 0x0000000100000000)
  eden space 41472K, 0% used [0x00000000eab00000,0x00000000eab00000,0x00000000ed380000)
  from space 13312K, 99% used [0x00000000ee880000,0x00000000ef570580,0x00000000ef580000)
  to   space 15360K, 0% used [0x00000000ed780000,0x00000000ed780000,0x00000000ee680000)
 ParOldGen       total 189440K, used 189008K [0x00000000c0000000, 0x00000000cb900000, 0x00000000eab00000)
  object space 189440K, 99% used [0x00000000c0000000,0x00000000cb894008,0x00000000cb900000)
 Metaspace       used 70502K, committed 71808K, reserved 1114112K
  class space    used 7378K, committed 7936K, reserved 1048576K
}
Event: 26.126 GC heap after
{Heap after GC invocations=143 (full 9):
 PSYoungGen      total 40960K, used 0K [0x00000000eab00000, 0x00000000ef080000, 0x0000000100000000)
  eden space 40448K, 0% used [0x00000000eab00000,0x00000000eab00000,0x00000000ed280000)
  from space 512K, 0% used [0x00000000ed780000,0x00000000ed780000,0x00000000ed800000)
  to   space 15360K, 0% used [0x00000000ee180000,0x00000000ee180000,0x00000000ef080000)
 ParOldGen       total 231936K, used 186042K [0x00000000c0000000, 0x00000000ce280000, 0x00000000eab00000)
  object space 231936K, 80% used [0x00000000c0000000,0x00000000cb5ae940,0x00000000ce280000)
 Metaspace       used 70502K, committed 71808K, reserved 1114112K
  class space    used 7378K, committed 7936K, reserved 1048576K
}
Event: 27.062 GC heap before
{Heap before GC invocations=144 (full 9):
 PSYoungGen      total 40960K, used 40448K [0x00000000eab00000, 0x00000000ef080000, 0x0000000100000000)
  eden space 40448K, 100% used [0x00000000eab00000,0x00000000ed280000,0x00000000ed280000)
  from space 512K, 0% used [0x00000000ed780000,0x00000000ed780000,0x00000000ed800000)
  to   space 15360K, 0% used [0x00000000ee180000,0x00000000ee180000,0x00000000ef080000)
 ParOldGen       total 231936K, used 186042K [0x00000000c0000000, 0x00000000ce280000, 0x00000000eab00000)
  object space 231936K, 80% used [0x00000000c0000000,0x00000000cb5ae940,0x00000000ce280000)
 Metaspace       used 70839K, committed 72192K, reserved 1114112K
  class space    used 7409K, committed 8000K, reserved 1048576K
}
Event: 27.078 GC heap after
{Heap after GC invocations=144 (full 9):
 PSYoungGen      total 48128K, used 8420K [0x00000000eab00000, 0x00000000eea00000, 0x0000000100000000)
  eden space 39424K, 0% used [0x00000000eab00000,0x00000000eab00000,0x00000000ed180000)
  from space 8704K, 96% used [0x00000000ee180000,0x00000000ee9b93d8,0x00000000eea00000)
  to   space 10752K, 0% used [0x00000000ed500000,0x00000000ed500000,0x00000000edf80000)
 ParOldGen       total 231936K, used 186050K [0x00000000c0000000, 0x00000000ce280000, 0x00000000eab00000)
  object space 231936K, 80% used [0x00000000c0000000,0x00000000cb5b0940,0x00000000ce280000)
 Metaspace       used 70839K, committed 72192K, reserved 1114112K
  class space    used 7409K, committed 8000K, reserved 1048576K
}
Event: 27.961 GC heap before
{Heap before GC invocations=145 (full 9):
 PSYoungGen      total 48128K, used 47844K [0x00000000eab00000, 0x00000000eea00000, 0x0000000100000000)
  eden space 39424K, 100% used [0x00000000eab00000,0x00000000ed180000,0x00000000ed180000)
  from space 8704K, 96% used [0x00000000ee180000,0x00000000ee9b93d8,0x00000000eea00000)
  to   space 10752K, 0% used [0x00000000ed500000,0x00000000ed500000,0x00000000edf80000)
 ParOldGen       total 231936K, used 186050K [0x00000000c0000000, 0x00000000ce280000, 0x00000000eab00000)
  object space 231936K, 80% used [0x00000000c0000000,0x00000000cb5b0940,0x00000000ce280000)
 Metaspace       used 70866K, committed 72192K, reserved 1114112K
  class space    used 7409K, committed 8000K, reserved 1048576K
}
Event: 27.979 GC heap after
{Heap after GC invocations=145 (full 9):
 PSYoungGen      total 49152K, used 10747K [0x00000000eab00000, 0x00000000ef180000, 0x0000000100000000)
  eden space 38400K, 0% used [0x00000000eab00000,0x00000000eab00000,0x00000000ed080000)
  from space 10752K, 99% used [0x00000000ed500000,0x00000000edf7ef38,0x00000000edf80000)
  to   space 16896K, 0% used [0x00000000ee100000,0x00000000ee100000,0x00000000ef180000)
 ParOldGen       total 231936K, used 190579K [0x00000000c0000000, 0x00000000ce280000, 0x00000000eab00000)
  object space 231936K, 82% used [0x00000000c0000000,0x00000000cba1ced8,0x00000000ce280000)
 Metaspace       used 70866K, committed 72192K, reserved 1114112K
  class space    used 7409K, committed 8000K, reserved 1048576K
}
Event: 28.940 GC heap before
{Heap before GC invocations=146 (full 9):
 PSYoungGen      total 49152K, used 49147K [0x00000000eab00000, 0x00000000ef180000, 0x0000000100000000)
  eden space 38400K, 100% used [0x00000000eab00000,0x00000000ed080000,0x00000000ed080000)
  from space 10752K, 99% used [0x00000000ed500000,0x00000000edf7ef38,0x00000000edf80000)
  to   space 16896K, 0% used [0x00000000ee100000,0x00000000ee100000,0x00000000ef180000)
 ParOldGen       total 231936K, used 190579K [0x00000000c0000000, 0x00000000ce280000, 0x00000000eab00000)
  object space 231936K, 82% used [0x00000000c0000000,0x00000000cba1ced8,0x00000000ce280000)
 Metaspace       used 71011K, committed 72320K, reserved 1114112K
  class space    used 7412K, committed 8000K, reserved 1048576K
}
Event: 28.959 GC heap after
{Heap after GC invocations=146 (full 9):
 PSYoungGen      total 54784K, used 16504K [0x00000000eab00000, 0x00000000ef200000, 0x0000000100000000)
  eden space 37888K, 0% used [0x00000000eab00000,0x00000000eab00000,0x00000000ed000000)
  from space 16896K, 97% used [0x00000000ee100000,0x00000000ef11e350,0x00000000ef180000)
  to   space 17408K, 0% used [0x00000000ed000000,0x00000000ed000000,0x00000000ee100000)
 ParOldGen       total 231936K, used 190587K [0x00000000c0000000, 0x00000000ce280000, 0x00000000eab00000)
  object space 231936K, 82% used [0x00000000c0000000,0x00000000cba1eed8,0x00000000ce280000)
 Metaspace       used 71011K, committed 72320K, reserved 1114112K
  class space    used 7412K, committed 8000K, reserved 1048576K
}
Event: 29.751 GC heap before
{Heap before GC invocations=147 (full 9):
 PSYoungGen      total 54784K, used 54392K [0x00000000eab00000, 0x00000000ef200000, 0x0000000100000000)
  eden space 37888K, 100% used [0x00000000eab00000,0x00000000ed000000,0x00000000ed000000)
  from space 16896K, 97% used [0x00000000ee100000,0x00000000ef11e350,0x00000000ef180000)
  to   space 17408K, 0% used [0x00000000ed000000,0x00000000ed000000,0x00000000ee100000)
 ParOldGen       total 231936K, used 190587K [0x00000000c0000000, 0x00000000ce280000, 0x00000000eab00000)
  object space 231936K, 82% used [0x00000000c0000000,0x00000000cba1eed8,0x00000000ce280000)
 Metaspace       used 71107K, committed 72384K, reserved 1114112K
  class space    used 7424K, committed 8000K, reserved 1048576K
}
Event: 29.777 GC heap after
{Heap after GC invocations=147 (full 9):
 PSYoungGen      total 54784K, used 17395K [0x00000000eab00000, 0x00000000f0180000, 0x0000000100000000)
  eden space 37376K, 0% used [0x00000000eab00000,0x00000000eab00000,0x00000000ecf80000)
  from space 17408K, 99% used [0x00000000ed000000,0x00000000ee0fcef0,0x00000000ee100000)
  to   space 25600K, 0% used [0x00000000ee880000,0x00000000ee880000,0x00000000f0180000)
 ParOldGen       total 231936K, used 197021K [0x00000000c0000000, 0x00000000ce280000, 0x00000000eab00000)
  object space 231936K, 84% used [0x00000000c0000000,0x00000000cc0676a8,0x00000000ce280000)
 Metaspace       used 71107K, committed 72384K, reserved 1114112K
  class space    used 7424K, committed 8000K, reserved 1048576K
}
Event: 30.104 GC heap before
{Heap before GC invocations=148 (full 9):
 PSYoungGen      total 54784K, used 54771K [0x00000000eab00000, 0x00000000f0180000, 0x0000000100000000)
  eden space 37376K, 100% used [0x00000000eab00000,0x00000000ecf80000,0x00000000ecf80000)
  from space 17408K, 99% used [0x00000000ed000000,0x00000000ee0fcef0,0x00000000ee100000)
  to   space 25600K, 0% used [0x00000000ee880000,0x00000000ee880000,0x00000000f0180000)
 ParOldGen       total 231936K, used 197021K [0x00000000c0000000, 0x00000000ce280000, 0x00000000eab00000)
  object space 231936K, 84% used [0x00000000c0000000,0x00000000cc0676a8,0x00000000ce280000)
 Metaspace       used 71127K, committed 72384K, reserved 1114112K
  class space    used 7428K, committed 8000K, reserved 1048576K
}
Event: 30.132 GC heap after
{Heap after GC invocations=148 (full 9):
 PSYoungGen      total 58880K, used 21979K [0x00000000eab00000, 0x00000000efe00000, 0x0000000100000000)
  eden space 36864K, 0% used [0x00000000eab00000,0x00000000eab00000,0x00000000ecf00000)
  from space 22016K, 99% used [0x00000000ee880000,0x00000000efdf6c90,0x00000000efe00000)
  to   space 23040K, 0% used [0x00000000ed100000,0x00000000ed100000,0x00000000ee780000)
 ParOldGen       total 231936K, used 201418K [0x00000000c0000000, 0x00000000ce280000, 0x00000000eab00000)
  object space 231936K, 86% used [0x00000000c0000000,0x00000000cc4b2ba0,0x00000000ce280000)
 Metaspace       used 71127K, committed 72384K, reserved 1114112K
  class space    used 7428K, committed 8000K, reserved 1048576K
}
Event: 30.790 GC heap before
{Heap before GC invocations=149 (full 9):
 PSYoungGen      total 58880K, used 58843K [0x00000000eab00000, 0x00000000efe00000, 0x0000000100000000)
  eden space 36864K, 100% used [0x00000000eab00000,0x00000000ecf00000,0x00000000ecf00000)
  from space 22016K, 99% used [0x00000000ee880000,0x00000000efdf6c90,0x00000000efe00000)
  to   space 23040K, 0% used [0x00000000ed100000,0x00000000ed100000,0x00000000ee780000)
 ParOldGen       total 231936K, used 201418K [0x00000000c0000000, 0x00000000ce280000, 0x00000000eab00000)
  object space 231936K, 86% used [0x00000000c0000000,0x00000000cc4b2ba0,0x00000000ce280000)
 Metaspace       used 71127K, committed 72384K, reserved 1114112K
  class space    used 7428K, committed 8000K, reserved 1048576K
}
Event: 30.818 GC heap after
{Heap after GC invocations=149 (full 9):
 PSYoungGen      total 59392K, used 23037K [0x00000000eab00000, 0x00000000f1280000, 0x0000000100000000)
  eden space 36352K, 0% used [0x00000000eab00000,0x00000000eab00000,0x00000000ece80000)
  from space 23040K, 99% used [0x00000000ed100000,0x00000000ee77f628,0x00000000ee780000)
  to   space 34816K, 0% used [0x00000000ef080000,0x00000000ef080000,0x00000000f1280000)
 ParOldGen       total 231936K, used 211225K [0x00000000c0000000, 0x00000000ce280000, 0x00000000eab00000)
  object space 231936K, 91% used [0x00000000c0000000,0x00000000cce46548,0x00000000ce280000)
 Metaspace       used 71127K, committed 72384K, reserved 1114112K
  class space    used 7428K, committed 8000K, reserved 1048576K
}
Event: 31.368 GC heap before
{Heap before GC invocations=150 (full 9):
 PSYoungGen      total 59392K, used 59389K [0x00000000eab00000, 0x00000000f1280000, 0x0000000100000000)
  eden space 36352K, 100% used [0x00000000eab00000,0x00000000ece80000,0x00000000ece80000)
  from space 23040K, 99% used [0x00000000ed100000,0x00000000ee77f628,0x00000000ee780000)
  to   space 34816K, 0% used [0x00000000ef080000,0x00000000ef080000,0x00000000f1280000)
 ParOldGen       total 231936K, used 211225K [0x00000000c0000000, 0x00000000ce280000, 0x00000000eab00000)
  object space 231936K, 91% used [0x00000000c0000000,0x00000000cce46548,0x00000000ce280000)
 Metaspace       used 71127K, committed 72384K, reserved 1114112K
  class space    used 7428K, committed 8000K, reserved 1048576K
}
Event: 31.401 GC heap after
{Heap after GC invocations=150 (full 9):
 PSYoungGen      total 61440K, used 25201K [0x00000000eab00000, 0x00000000f0980000, 0x0000000100000000)
  eden space 35840K, 0% used [0x00000000eab00000,0x00000000eab00000,0x00000000ece00000)
  from space 25600K, 98% used [0x00000000ef080000,0x00000000f091c660,0x00000000f0980000)
  to   space 28160K, 0% used [0x00000000ed280000,0x00000000ed280000,0x00000000eee00000)
 ParOldGen       total 231936K, used 216818K [0x00000000c0000000, 0x00000000ce280000, 0x00000000eab00000)
  object space 231936K, 93% used [0x00000000c0000000,0x00000000cd3bcab0,0x00000000ce280000)
 Metaspace       used 71127K, committed 72384K, reserved 1114112K
  class space    used 7428K, committed 8000K, reserved 1048576K
}
Event: 31.872 GC heap before
{Heap before GC invocations=151 (full 9):
 PSYoungGen      total 61440K, used 61041K [0x00000000eab00000, 0x00000000f0980000, 0x0000000100000000)
  eden space 35840K, 100% used [0x00000000eab00000,0x00000000ece00000,0x00000000ece00000)
  from space 25600K, 98% used [0x00000000ef080000,0x00000000f091c660,0x00000000f0980000)
  to   space 28160K, 0% used [0x00000000ed280000,0x00000000ed280000,0x00000000eee00000)
 ParOldGen       total 231936K, used 216818K [0x00000000c0000000, 0x00000000ce280000, 0x00000000eab00000)
  object space 231936K, 93% used [0x00000000c0000000,0x00000000cd3bcab0,0x00000000ce280000)
 Metaspace       used 71161K, committed 72384K, reserved 1114112K
  class space    used 7428K, committed 8000K, reserved 1048576K
}

